\BOOKMARK [0][-]{chapter.1}{\376\377\000m\000a\000i\000n\000\040\000m\000o\000d\000u\000l\000e}{}% 1
\BOOKMARK [0][-]{chapter.2}{\376\377\000s\000r\000c\000\040\000p\000a\000c\000k\000a\000g\000e}{}% 2
\BOOKMARK [1][-]{section.2.1}{\376\377\000S\000u\000b\000p\000a\000c\000k\000a\000g\000e\000s}{chapter.2}% 3
\BOOKMARK [2][-]{subsection.2.1.1}{\376\377\000s\000r\000c\000.\000b\000l\000u\000e\000p\000r\000i\000n\000t\000s\000\040\000p\000a\000c\000k\000a\000g\000e}{section.2.1}% 4
\BOOKMARK [3][-]{subsubsection.2.1.1.1}{\376\377\000S\000u\000b\000m\000o\000d\000u\000l\000e\000s}{subsection.2.1.1}% 5
\BOOKMARK [3][-]{subsubsection.2.1.1.2}{\376\377\000s\000r\000c\000.\000b\000l\000u\000e\000p\000r\000i\000n\000t\000s\000.\000v\000i\000e\000w\000s\000\040\000m\000o\000d\000u\000l\000e}{subsection.2.1.1}% 6
\BOOKMARK [2][-]{subsection.2.1.2}{\376\377\000s\000r\000c\000.\000c\000l\000i\000e\000n\000t\000s\000\040\000p\000a\000c\000k\000a\000g\000e}{section.2.1}% 7
\BOOKMARK [3][-]{subsubsection.2.1.2.1}{\376\377\000S\000u\000b\000m\000o\000d\000u\000l\000e\000s}{subsection.2.1.2}% 8
\BOOKMARK [3][-]{subsubsection.2.1.2.2}{\376\377\000s\000r\000c\000.\000c\000l\000i\000e\000n\000t\000s\000.\000m\000o\000d\000e\000l\000s\000\040\000m\000o\000d\000u\000l\000e}{subsection.2.1.2}% 9
\BOOKMARK [3][-]{subsubsection.2.1.2.3}{\376\377\000s\000r\000c\000.\000c\000l\000i\000e\000n\000t\000s\000.\000v\000i\000e\000w\000s\000\040\000m\000o\000d\000u\000l\000e}{subsection.2.1.2}% 10
\BOOKMARK [2][-]{subsection.2.1.3}{\376\377\000s\000r\000c\000.\000d\000a\000t\000a\000s\000o\000u\000r\000c\000e\000s\000\040\000p\000a\000c\000k\000a\000g\000e}{section.2.1}% 11
\BOOKMARK [3][-]{subsubsection.2.1.3.1}{\376\377\000S\000u\000b\000m\000o\000d\000u\000l\000e\000s}{subsection.2.1.3}% 12
\BOOKMARK [3][-]{subsubsection.2.1.3.2}{\376\377\000s\000r\000c\000.\000d\000a\000t\000a\000s\000o\000u\000r\000c\000e\000s\000.\000m\000o\000d\000e\000l\000s\000\040\000m\000o\000d\000u\000l\000e}{subsection.2.1.3}% 13
\BOOKMARK [3][-]{subsubsection.2.1.3.3}{\376\377\000s\000r\000c\000.\000d\000a\000t\000a\000s\000o\000u\000r\000c\000e\000s\000.\000v\000i\000e\000w\000s\000\040\000m\000o\000d\000u\000l\000e}{subsection.2.1.3}% 14
\BOOKMARK [2][-]{subsection.2.1.4}{\376\377\000s\000r\000c\000.\000f\000m\000u\000s\000\040\000p\000a\000c\000k\000a\000g\000e}{section.2.1}% 15
\BOOKMARK [3][-]{subsubsection.2.1.4.1}{\376\377\000S\000u\000b\000m\000o\000d\000u\000l\000e\000s}{subsection.2.1.4}% 16
\BOOKMARK [3][-]{subsubsection.2.1.4.2}{\376\377\000s\000r\000c\000.\000f\000m\000u\000s\000.\000v\000i\000e\000w\000s\000\040\000m\000o\000d\000u\000l\000e}{subsection.2.1.4}% 17
\BOOKMARK [2][-]{subsection.2.1.5}{\376\377\000s\000r\000c\000.\000p\000r\000o\000c\000e\000s\000s\000o\000r\000s\000\040\000p\000a\000c\000k\000a\000g\000e}{section.2.1}% 18
\BOOKMARK [3][-]{subsubsection.2.1.5.1}{\376\377\000S\000u\000b\000m\000o\000d\000u\000l\000e\000s}{subsection.2.1.5}% 19
\BOOKMARK [3][-]{subsubsection.2.1.5.2}{\376\377\000s\000r\000c\000.\000p\000r\000o\000c\000e\000s\000s\000o\000r\000s\000.\000m\000o\000d\000e\000l\000s\000\040\000m\000o\000d\000u\000l\000e}{subsection.2.1.5}% 20
\BOOKMARK [3][-]{subsubsection.2.1.5.3}{\376\377\000s\000r\000c\000.\000p\000r\000o\000c\000e\000s\000s\000o\000r\000s\000.\000v\000i\000e\000w\000s\000\040\000m\000o\000d\000u\000l\000e}{subsection.2.1.5}% 21
\BOOKMARK [1][-]{section.2.2}{\376\377\000S\000u\000b\000m\000o\000d\000u\000l\000e\000s}{chapter.2}% 22
\BOOKMARK [1][-]{section.2.3}{\376\377\000s\000r\000c\000.\000k\000a\000f\000k\000a\000\040\000m\000o\000d\000u\000l\000e}{chapter.2}% 23
\BOOKMARK [1][-]{section.2.4}{\376\377\000s\000r\000c\000.\000s\000e\000r\000v\000e\000r\000\040\000m\000o\000d\000u\000l\000e}{chapter.2}% 24
\BOOKMARK [1][-]{section.2.5}{\376\377\000s\000r\000c\000.\000u\000t\000i\000l\000s\000\040\000m\000o\000d\000u\000l\000e}{chapter.2}% 25
\BOOKMARK [1][-]{section.2.6}{\376\377\000s\000r\000c\000.\000v\000i\000e\000w\000s\000\040\000m\000o\000d\000u\000l\000e}{chapter.2}% 26
\BOOKMARK [1][-]{section.2.7}{\376\377\000M\000o\000d\000u\000l\000e\000\040\000c\000o\000n\000t\000e\000n\000t\000s}{chapter.2}% 27
\BOOKMARK [0][-]{chapter.3}{\376\377\000b\000l\000u\000e\000p\000r\000i\000n\000t\000s\000\040\000p\000a\000c\000k\000a\000g\000e}{}% 28
\BOOKMARK [1][-]{section.3.1}{\376\377\000S\000u\000b\000m\000o\000d\000u\000l\000e\000s}{chapter.3}% 29
\BOOKMARK [1][-]{section.3.2}{\376\377\000b\000l\000u\000e\000p\000r\000i\000n\000t\000s\000.\000f\000m\000u\000\040\000m\000o\000d\000u\000l\000e}{chapter.3}% 30
\BOOKMARK [0][-]{chapter.4}{\376\377\000I\000n\000d\000i\000c\000e\000s\000\040\000a\000n\000d\000\040\000t\000a\000b\000l\000e\000s}{}% 31
\BOOKMARK [0][-]{section*.87}{\376\377\000P\000y\000t\000h\000o\000n\000\040\000M\000o\000d\000u\000l\000e\000\040\000I\000n\000d\000e\000x}{}% 32
\BOOKMARK [0][-]{section*.88}{\376\377\000I\000n\000d\000e\000x}{}% 33
